<?xml version="1.0" encoding="UTF-8"?>
<testng-results ignored="0" total="1" passed="1" failed="0" skipped="0">
  <reporter-output>
  </reporter-output>
  <suite started-at="2021-11-04T04:22:35Z" name="Suite" finished-at="2021-11-04T04:22:35Z" duration-ms="72">
    <groups>
    </groups>
    <test started-at="2021-11-04T04:22:35Z" name="Test" finished-at="2021-11-04T04:22:35Z" duration-ms="72">
      <class name="swagLabs.NewTest">
        <test-method signature="f()[pri:0, instance:swagLabs.NewTest@173ed316]" started-at="2021-11-03T22:22:35Z" name="f" finished-at="2021-11-03T22:22:35Z" duration-ms="27" status="PASS">
          <reporter-output>
          </reporter-output>
        </test-method> <!-- f -->
      </class> <!-- swagLabs.NewTest -->
    </test> <!-- Test -->
  </suite> <!-- Suite -->
</testng-results>
